<?xml version="1.0" encoding="UTF-8"?>
<testng-results skipped="0" failed="0" ignored="1" total="3" passed="2">
  <reporter-output>
  </reporter-output>
  <suite name="Knorrium.info - Wordpress Demo" duration-ms="80" started-at="2020-01-20T13:09:43 EST" finished-at="2020-01-20T13:09:43 EST">
    <groups>
      <group name="Fr2">
        <method signature="AppTest.testcase2()[pri:0, instance:ManjuTest.ManjuTest.AppTest@394e1a0f]" name="testcase2" class="ManjuTest.ManjuTest.AppTest"/>
        <method signature="AppTest.testcase3()[pri:0, instance:ManjuTest.ManjuTest.AppTest@394e1a0f]" name="testcase3" class="ManjuTest.ManjuTest.AppTest"/>
      </group> <!-- Fr2 -->
      <group name="Regression">
        <method signature="AppTest.testcase3()[pri:0, instance:ManjuTest.ManjuTest.AppTest@394e1a0f]" name="testcase3" class="ManjuTest.ManjuTest.AppTest"/>
      </group> <!-- Regression -->
    </groups>
    <test name="publixprov1TestSet" duration-ms="80" started-at="2020-01-20T13:09:43 EST" finished-at="2020-01-20T13:09:43 EST">
      <class name="ManjuTest.ManjuTest.AppTest">
        <test-method status="PASS" signature="testcase3()[pri:0, instance:ManjuTest.ManjuTest.AppTest@394e1a0f]" name="testcase3" duration-ms="40" started-at="2020-01-20T13:09:43 EST" finished-at="2020-01-20T13:09:43 EST">
          <reporter-output>
          </reporter-output>
        </test-method> <!-- testcase3 -->
        <test-method status="PASS" signature="testcase2()[pri:0, instance:ManjuTest.ManjuTest.AppTest@394e1a0f]" name="testcase2" duration-ms="40" started-at="2020-01-20T13:09:43 EST" finished-at="2020-01-20T13:09:43 EST">
          <reporter-output>
          </reporter-output>
        </test-method> <!-- testcase2 -->
      </class> <!-- ManjuTest.ManjuTest.AppTest -->
    </test> <!-- publixprov1TestSet -->
  </suite> <!-- Knorrium.info - Wordpress Demo -->
</testng-results>
