<?xml version="1.0" encoding="UTF-8"?>
<!-- Generated by org.testng.reporters.JUnitXMLReporter -->
<testsuite hostname="DESKTOP-KHEI6LJ" ignored="1" name="publixprov1TestSet" tests="2" failures="0" timestamp="2020-01-20T13:09:43 EST" time="0.08" errors="0">
  <testcase name="testcase2" time="0.04" classname="ManjuTest.ManjuTest.AppTest"/>
  <testcase name="testcase3" time="0.04" classname="ManjuTest.ManjuTest.AppTest"/>
  <testcase name="testcase1" time="0.0" classname="ManjuTest.ManjuTest.AppTest">
    <ignored/>
  </testcase> <!-- testcase1 -->
</testsuite> <!-- publixprov1TestSet -->
