<?xml version="1.0" encoding="UTF-8"?>
<!-- Generated by org.testng.reporters.JUnitXMLReporter -->
<testsuite hostname="DESKTOP-KHEI6LJ" ignored="0" name="Default test" tests="3" failures="0" timestamp="2020-01-20T13:08:41 EST" time="0.06" errors="0">
  <testcase name="testcase1" time="0.028" classname="ManjuTest.ManjuTest.AppTest"/>
  <testcase name="testcase2" time="0.004" classname="ManjuTest.ManjuTest.AppTest"/>
  <testcase name="testcase3" time="0.0" classname="ManjuTest.ManjuTest.AppTest"/>
</testsuite> <!-- Default test -->
